<?xml version="1.0" encoding="UTF-8" ?>
<testsuite tests="7" failures="0" name="com.amazonaws.lambda.vis360.LambdaFunctionHandlerTest" time="2.695" errors="0" skipped="7">
  <properties>
[...]
</properties>
  <testcase classname="com.amazonaws.lambda.vis360.LambdaFunctionHandlerTest" name="getData" time="0.385">
    <skipped/>
  </testcase>
  <testcase classname="com.amazonaws.lambda.vis360.LambdaFunctionHandlerTest" name="processNewReaperData" time="0.385">
    <skipped/>
  </testcase>
  <testcase classname="com.amazonaws.lambda.vis360.LambdaFunctionHandlerTest" name="updateWatsonPublication" time="0.385">
    <skipped/>
  </testcase>
  <testcase classname="com.amazonaws.lambda.vis360.LambdaFunctionHandlerTest" name="analyseData" time="0.385">
    <skipped/>
  </testcase>
  <testcase classname="com.amazonaws.lambda.vis360.LambdaFunctionHandlerTest" name="readJsonFile" time="0.385">
    <skipped/>
  </testcase>
  <testcase classname="com.amazonaws.lambda.vis360.LambdaFunctionHandlerTest" name="testLambdaFunctionHandler" time="0.385">
    <skipped/>
  </testcase>
  <testcase classname="com.amazonaws.lambda.vis360.LambdaFunctionHandlerTest" name="updatePublication" time="0.385">
    <skipped/>
  </testcase>
</testsuite>